{"message":"Unauthorized request to path: /","level":"error"}
{"message":"Unauthorized request to path: /favicon.ico","level":"error"}
{"message":"Unauthorized request to path: /","level":"error"}
{"message":"Unauthorized request to path: /favicon.ico","level":"error"}
{"message":"Unauthorized request to path: /bookmarks","level":"error"}
{"message":"Unauthorized request to path: /api/bookmarks","level":"error"}
{"message":"Unauthorized request to path: /api/bookmarks","level":"error"}
{"message":"Unauthorized request to path: /api/bookmarks","level":"error"}
{"message":"Unauthorized request to path: /api/bookmarks","level":"error"}
{"message":"Unauthorized request to path: /api/bookmarks","level":"error"}
{"message":"Unauthorized request to path: /api/bookmarks/","level":"error"}
{"message":"Unauthorized request to path: /api/bookmarks/","level":"error"}
{"message":"Unauthorized request to path: /api/bookmarks/","level":"error"}
{"message":"Unauthorized request to path: /api/bookmarks/","level":"error"}
{"message":"Unauthorized request to path: /api/bookmarks","level":"error"}
{"message":"Unauthorized request to path: /api/bookmarks","level":"error"}
{"message":"Unauthorized request to path: /api/bookmarks","level":"error"}
{"message":"Unauthorized request to path: /api/bookmarks","level":"error"}
{"message":"Unauthorized request to path: /api/bookmarks","level":"error"}
{"message":"Unauthorized request to path: /api/bookmarks","level":"error"}
{"message":"Unauthorized request to path: /api/bookmarks","level":"error"}
{"message":"Unauthorized request to path: /api/bookmarks/","level":"error"}
{"message":"Unauthorized request to path: /api/bookmarks","level":"error"}
{"message":"Unauthorized request to path: /api/bookmarks","level":"error"}
{"message":"Unauthorized request to path: /api/bookmarks","level":"error"}
{"message":"Unauthorized request to path: /api/bookmarks","level":"error"}
{"message":"Unauthorized request to path: /api/bookmarks","level":"error"}
{"message":"Unauthorized request to path: /api/bookmarks","level":"error"}
{"message":"Bookmark with id 1 not found.","level":"error"}
{"message":"Bookmark with id 187b887c-3817-43ca-af2b-2b232b3c21d9 deleted.","level":"info"}
{"message":"Bookmark with id 187b887c-3817-43ca-af2b-2b232b3c21d9 not found.","level":"error"}
{"message":"title is required","level":"error"}
{"message":"title is required","level":"error"}
{"message":"title is required","level":"error"}
{"message":"title is required","level":"error"}
{"message":"title is required","level":"error"}
{"message":"title is required","level":"error"}
{"message":"title is required","level":"error"}
{"message":"title is required","level":"error"}
{"message":"title is required","level":"error"}
{"message":"title is required","level":"error"}
{"message":"title is required","level":"error"}
{"message":"url is required","level":"error"}
{"message":"Cannot set headers after they are sent to the client","level":"error"}
{"message":"title is required","level":"error"}
{"message":"url is required","level":"error"}
{"message":"Cannot set headers after they are sent to the client","level":"error"}
{"message":"title is required","level":"error"}
{"message":"url is required","level":"error"}
{"message":"Cannot set headers after they are sent to the client","level":"error"}
{"message":{},"level":"error"}
{"message":{},"level":"error"}
{"message":{},"level":"error"}
{"message":"Invalid rating 'undefined' supplied","level":"error"}
{"message":{},"level":"error"}
{"message":{},"level":"error"}
{"message":{},"level":"error"}
{"message":"Invalid rating 'undefined' supplied","level":"error"}
{"message":{},"level":"error"}
{"message":{},"level":"error"}
{"message":{},"level":"error"}
{"message":"Invalid rating 'undefined' supplied","level":"error"}
{"message":{},"level":"error"}
{"message":{},"level":"error"}
{"message":{},"level":"error"}
{"message":"Invalid rating 'undefined' supplied","level":"error"}
{"message":{},"level":"error"}
{"message":{},"level":"error"}
{"message":{},"level":"error"}
{"message":"Invalid rating 'undefined' supplied","level":"error"}
{"message":{},"level":"error"}
{"message":{},"level":"error"}
{"message":{},"level":"error"}
{"message":"Invalid rating 'undefined' supplied","level":"error"}
{"message":{},"level":"error"}
{"message":{},"level":"error"}
{"message":{},"level":"error"}
{"message":"Invalid rating 'undefined' supplied","level":"error"}
{"message":"Invalid rating 'undefined' supplied","level":"error"}
{"message":"Invalid rating 'undefined' supplied","level":"error"}
{"message":"Invalid rating 'undefined' supplied","level":"error"}
{"message":"Invalid rating 'undefined' supplied","level":"error"}
{"message":"Invalid rating 'undefined' supplied","level":"error"}
{"message":"Invalid rating 'undefined' supplied","level":"error"}
{"message":"Invalid rating 'undefined' supplied","level":"error"}
{"message":"Invalid rating 'undefined' supplied","level":"error"}
{"message":"Invalid url 'www.rennie.com' supplied","level":"error"}
{"message":"Bookmark with id a610d6d8-4e0c-4e48-8360-998964c0f48b created","level":"info"}
{"message":"Unexpected token , in JSON at position 10","level":"error"}
{"message":"Bookmark with id 36c2907b-a74d-4804-9394-a1dfd13c8444 created","level":"info"}
{"message":"title is required","level":"error"}
{"message":"title is required","level":"error"}
{"message":"url is required","level":"error"}
{"message":"Unexpected token } in JSON at position 20","level":"error"}
{"message":"url is required","level":"error"}
